{"/Users/sisobus/coding/cornerstoneBase64ImageLoader/src/base64Mask.ts": {"path":"/Users/sisobus/coding/cornerstoneBase64ImageLoader/src/base64Mask.ts","statementMap":{"0":{"start":{"line":1,"column":13},"end":{"line":1,"column":37079}},"1":{"start":{"line":3,"column":0},"end":{"line":3,"column":19}}},"fnMap":{},"branchMap":{},"s":{"0":4,"1":4},"f":{},"b":{}}
,"/Users/sisobus/coding/cornerstoneBase64ImageLoader/src/core.ts": {"path":"/Users/sisobus/coding/cornerstoneBase64ImageLoader/src/core.ts","statementMap":{"0":{"start":{"line":1,"column":0},"end":{"line":1,"column":48}},"1":{"start":{"line":3,"column":0},"end":{"line":188,"column":0}},"2":{"start":{"line":10,"column":32},"end":{"line":10,"column":65}},"3":{"start":{"line":11,"column":4},"end":{"line":11,"column":35}},"4":{"start":{"line":12,"column":4},"end":{"line":12,"column":27}},"5":{"start":{"line":13,"column":4},"end":{"line":13,"column":33}},"6":{"start":{"line":14,"column":4},"end":{"line":14,"column":21}},"7":{"start":{"line":15,"column":4},"end":{"line":15,"column":51}},"8":{"start":{"line":17,"column":4},"end":{"line":17,"column":64}},"9":{"start":{"line":18,"column":4},"end":{"line":18,"column":56}},"10":{"start":{"line":19,"column":4},"end":{"line":19,"column":52}},"11":{"start":{"line":20,"column":4},"end":{"line":20,"column":50}},"12":{"start":{"line":21,"column":4},"end":{"line":21,"column":50}},"13":{"start":{"line":22,"column":4},"end":{"line":22,"column":52}},"14":{"start":{"line":25,"column":2},"end":{"line":43,"column":3}},"15":{"start":{"line":26,"column":4},"end":{"line":42,"column":6}},"16":{"start":{"line":27,"column":38},"end":{"line":27,"column":49}},"17":{"start":{"line":28,"column":42},"end":{"line":28,"column":69}},"18":{"start":{"line":29,"column":25},"end":{"line":29,"column":52}},"19":{"start":{"line":30,"column":31},"end":{"line":30,"column":78}},"20":{"start":{"line":31,"column":32},"end":{"line":31,"column":72}},"21":{"start":{"line":33,"column":6},"end":{"line":33,"column":26}},"22":{"start":{"line":34,"column":6},"end":{"line":37,"column":7}},"23":{"start":{"line":35,"column":10},"end":{"line":35,"column":54}},"24":{"start":{"line":36,"column":8},"end":{"line":36,"column":22}},"25":{"start":{"line":38,"column":6},"end":{"line":41,"column":7}},"26":{"start":{"line":39,"column":10},"end":{"line":39,"column":54}},"27":{"start":{"line":40,"column":8},"end":{"line":40,"column":21}},"28":{"start":{"line":44,"column":2},"end":{"line":53,"column":3}},"29":{"start":{"line":45,"column":29},"end":{"line":45,"column":56}},"30":{"start":{"line":46,"column":30},"end":{"line":46,"column":49}},"31":{"start":{"line":48,"column":4},"end":{"line":51,"column":6}},"32":{"start":{"line":49,"column":6},"end":{"line":49,"column":37}},"33":{"start":{"line":50,"column":6},"end":{"line":50,"column":15}},"34":{"start":{"line":52,"column":4},"end":{"line":52,"column":18}},"35":{"start":{"line":54,"column":2},"end":{"line":58,"column":3}},"36":{"start":{"line":55,"column":36},"end":{"line":55,"column":64}},"37":{"start":{"line":56,"column":36},"end":{"line":56,"column":74}},"38":{"start":{"line":57,"column":4},"end":{"line":57,"column":22}},"39":{"start":{"line":59,"column":2},"end":{"line":129,"column":3}},"40":{"start":{"line":59,"column":2},"end":{"line":129,"column":2}},"41":{"start":{"line":60,"column":25},"end":{"line":60,"column":44}},"42":{"start":{"line":61,"column":28},"end":{"line":61,"column":46}},"43":{"start":{"line":63,"column":25},"end":{"line":77,"column":5}},"44":{"start":{"line":66,"column":6},"end":{"line":74,"column":7}},"45":{"start":{"line":67,"column":8},"end":{"line":67,"column":75}},"46":{"start":{"line":69,"column":8},"end":{"line":69,"column":49}},"47":{"start":{"line":70,"column":8},"end":{"line":70,"column":47}},"48":{"start":{"line":71,"column":8},"end":{"line":71,"column":75}},"49":{"start":{"line":72,"column":8},"end":{"line":72,"column":38}},"50":{"start":{"line":73,"column":8},"end":{"line":73,"column":40}},"51":{"start":{"line":76,"column":6},"end":{"line":76,"column":80}},"52":{"start":{"line":79,"column":25},"end":{"line":83,"column":5}},"53":{"start":{"line":80,"column":24},"end":{"line":80,"column":38}},"54":{"start":{"line":82,"column":6},"end":{"line":82,"column":27}},"55":{"start":{"line":85,"column":22},"end":{"line":100,"column":5}},"56":{"start":{"line":86,"column":6},"end":{"line":88,"column":7}},"57":{"start":{"line":87,"column":8},"end":{"line":87,"column":27}},"58":{"start":{"line":90,"column":6},"end":{"line":90,"column":47}},"59":{"start":{"line":91,"column":6},"end":{"line":91,"column":45}},"60":{"start":{"line":92,"column":48},"end":{"line":94,"column":35}},"61":{"start":{"line":96,"column":6},"end":{"line":96,"column":36}},"62":{"start":{"line":97,"column":6},"end":{"line":97,"column":38}},"63":{"start":{"line":99,"column":6},"end":{"line":99,"column":25}},"64":{"start":{"line":101,"column":32},"end":{"line":103,"column":5}},"65":{"start":{"line":101,"column":33},"end":{"line":101,"column":75}},"66":{"start":{"line":102,"column":6},"end":{"line":102,"column":51}},"67":{"start":{"line":105,"column":4},"end":{"line":128,"column":5}},"68":{"start":{"line":116,"column":22},"end":{"line":116,"column":27}},"69":{"start":{"line":131,"column":2},"end":{"line":155,"column":3}},"70":{"start":{"line":131,"column":2},"end":{"line":155,"column":2}},"71":{"start":{"line":133,"column":36},"end":{"line":133,"column":77}},"72":{"start":{"line":135,"column":4},"end":{"line":142,"column":5}},"73":{"start":{"line":136,"column":30},"end":{"line":136,"column":49}},"74":{"start":{"line":137,"column":27},"end":{"line":137,"column":47}},"75":{"start":{"line":138,"column":6},"end":{"line":138,"column":74}},"76":{"start":{"line":139,"column":6},"end":{"line":139,"column":77}},"77":{"start":{"line":141,"column":6},"end":{"line":141,"column":54}},"78":{"start":{"line":143,"column":52},"end":{"line":143,"column":88}},"79":{"start":{"line":144,"column":34},"end":{"line":150,"column":6}},"80":{"start":{"line":145,"column":6},"end":{"line":149,"column":16}},"81":{"start":{"line":146,"column":33},"end":{"line":146,"column":65}},"82":{"start":{"line":148,"column":8},"end":{"line":148,"column":28}},"83":{"start":{"line":152,"column":4},"end":{"line":154,"column":5}},"84":{"start":{"line":157,"column":2},"end":{"line":171,"column":3}},"85":{"start":{"line":157,"column":2},"end":{"line":171,"column":2}},"86":{"start":{"line":158,"column":4},"end":{"line":160,"column":5}},"87":{"start":{"line":159,"column":6},"end":{"line":159,"column":17}},"88":{"start":{"line":161,"column":21},"end":{"line":166,"column":5}},"89":{"start":{"line":167,"column":52},"end":{"line":167,"column":80}},"90":{"start":{"line":168,"column":4},"end":{"line":170,"column":6}},"91":{"start":{"line":169,"column":6},"end":{"line":169,"column":64}},"92":{"start":{"line":173,"column":2},"end":{"line":175,"column":3}},"93":{"start":{"line":174,"column":4},"end":{"line":174,"column":31}},"94":{"start":{"line":176,"column":2},"end":{"line":178,"column":3}},"95":{"start":{"line":177,"column":4},"end":{"line":177,"column":28}},"96":{"start":{"line":179,"column":2},"end":{"line":181,"column":3}},"97":{"start":{"line":180,"column":4},"end":{"line":180,"column":21}},"98":{"start":{"line":182,"column":2},"end":{"line":184,"column":3}},"99":{"start":{"line":183,"column":4},"end":{"line":183,"column":21}},"100":{"start":{"line":185,"column":2},"end":{"line":187,"column":3}},"101":{"start":{"line":186,"column":4},"end":{"line":186,"column":68}},"102":{"start":{"line":188,"column":0},"end":{"line":188,"column":1}}},"fnMap":{"0":{"name":"(anonymous_2)","decl":{"start":{"line":3,"column":0},"end":{"line":null,"column":-1}},"loc":{"start":{"line":3,"column":0},"end":{"line":3,"column":-1}}},"1":{"name":"CornerstoneBase64ImageLoader","decl":{"start":{"line":10,"column":2},"end":{"line":10,"column":13}},"loc":{"start":{"line":10,"column":65},"end":{"line":23,"column":3}}},"2":{"name":"(anonymous_4)","decl":{"start":{"line":25,"column":2},"end":{"line":25,"column":20}},"loc":{"start":{"line":25,"column":44},"end":{"line":43,"column":3}}},"3":{"name":"(anonymous_5)","decl":{"start":{"line":26,"column":23},"end":{"line":26,"column":23}},"loc":{"start":{"line":26,"column":39},"end":{"line":42,"column":5}}},"4":{"name":"(anonymous_6)","decl":{"start":{"line":34,"column":21},"end":{"line":null,"column":-1}},"loc":{"start":{"line":34,"column":21},"end":{"line":37,"column":7}}},"5":{"name":"(anonymous_7)","decl":{"start":{"line":38,"column":22},"end":{"line":38,"column":21}},"loc":{"start":{"line":38,"column":27},"end":{"line":41,"column":7}}},"6":{"name":"(anonymous_8)","decl":{"start":{"line":44,"column":2},"end":{"line":44,"column":16}},"loc":{"start":{"line":44,"column":28},"end":{"line":53,"column":3}}},"7":{"name":"(anonymous_9)","decl":{"start":{"line":48,"column":24},"end":{"line":48,"column":24}},"loc":{"start":{"line":48,"column":48},"end":{"line":51,"column":5}}},"8":{"name":"(anonymous_10)","decl":{"start":{"line":54,"column":2},"end":{"line":54,"column":14}},"loc":{"start":{"line":54,"column":38},"end":{"line":58,"column":3}}},"9":{"name":"(anonymous_11)","decl":{"start":{"line":59,"column":2},"end":{"line":59,"column":13}},"loc":{"start":{"line":59,"column":54},"end":{"line":129,"column":3}}},"10":{"name":"(anonymous_12)","decl":{"start":{"line":63,"column":25},"end":{"line":null,"column":-1}},"loc":{"start":{"line":63,"column":25},"end":{"line":77,"column":5}}},"11":{"name":"(anonymous_13)","decl":{"start":{"line":79,"column":25},"end":{"line":null,"column":-1}},"loc":{"start":{"line":79,"column":25},"end":{"line":83,"column":5}}},"12":{"name":"(anonymous_14)","decl":{"start":{"line":85,"column":22},"end":{"line":null,"column":-1}},"loc":{"start":{"line":85,"column":22},"end":{"line":100,"column":5}}},"13":{"name":"(anonymous_15)","decl":{"start":{"line":101,"column":32},"end":{"line":101,"column":32}},"loc":{"start":{"line":101,"column":75},"end":{"line":103,"column":5}}},"14":{"name":"(anonymous_16)","decl":{"start":{"line":116,"column":16},"end":{"line":116,"column":21}},"loc":{"start":{"line":116,"column":16},"end":{"line":116,"column":27}}},"15":{"name":"(anonymous_17)","decl":{"start":{"line":131,"column":2},"end":{"line":131,"column":13}},"loc":{"start":{"line":131,"column":29},"end":{"line":155,"column":3}}},"16":{"name":"(anonymous_18)","decl":{"start":{"line":144,"column":46},"end":{"line":144,"column":46}},"loc":{"start":{"line":144,"column":62},"end":{"line":150,"column":5}}},"17":{"name":"(anonymous_19)","decl":{"start":{"line":145,"column":24},"end":{"line":145,"column":23}},"loc":{"start":{"line":145,"column":29},"end":{"line":149,"column":7}}},"18":{"name":"(anonymous_20)","decl":{"start":{"line":157,"column":2},"end":{"line":157,"column":14}},"loc":{"start":{"line":157,"column":50},"end":{"line":171,"column":3}}},"19":{"name":"(anonymous_21)","decl":{"start":{"line":168,"column":29},"end":{"line":168,"column":28}},"loc":{"start":{"line":168,"column":34},"end":{"line":170,"column":5}}},"20":{"name":"(anonymous_22)","decl":{"start":{"line":173,"column":2},"end":{"line":null,"column":-1}},"loc":{"start":{"line":173,"column":2},"end":{"line":175,"column":3}}},"21":{"name":"(anonymous_23)","decl":{"start":{"line":176,"column":2},"end":{"line":null,"column":-1}},"loc":{"start":{"line":176,"column":2},"end":{"line":178,"column":3}}},"22":{"name":"(anonymous_24)","decl":{"start":{"line":179,"column":2},"end":{"line":null,"column":-1}},"loc":{"start":{"line":179,"column":2},"end":{"line":181,"column":3}}},"23":{"name":"(anonymous_25)","decl":{"start":{"line":182,"column":2},"end":{"line":182,"column":9}},"loc":{"start":{"line":182,"column":19},"end":{"line":184,"column":3}}},"24":{"name":"(anonymous_26)","decl":{"start":{"line":185,"column":2},"end":{"line":null,"column":-1}},"loc":{"start":{"line":185,"column":2},"end":{"line":187,"column":3}}}},"branchMap":{"0":{"loc":{"start":{"line":10,"column":32},"end":{"line":10,"column":65}},"type":"if","locations":[{"start":{"line":10,"column":32},"end":{"line":10,"column":65}},{"start":{"line":10,"column":32},"end":{"line":10,"column":65}}]},"1":{"loc":{"start":{"line":30,"column":31},"end":{"line":30,"column":49}},"type":"binary-expr","locations":[{"start":{"line":30,"column":31},"end":{"line":30,"column":49}},{"start":{"line":30,"column":54},"end":{"line":30,"column":78}}]},"2":{"loc":{"start":{"line":66,"column":6},"end":{"line":74,"column":7}},"type":"if","locations":[{"start":{"line":66,"column":6},"end":{"line":74,"column":7}},{"start":{"line":66,"column":6},"end":{"line":74,"column":7}}]},"3":{"loc":{"start":{"line":86,"column":6},"end":{"line":88,"column":7}},"type":"if","locations":[{"start":{"line":86,"column":6},"end":{"line":88,"column":7}},{"start":{"line":86,"column":6},"end":{"line":88,"column":7}}]},"4":{"loc":{"start":{"line":101,"column":33},"end":{"line":101,"column":75}},"type":"if","locations":[{"start":{"line":101,"column":33},"end":{"line":101,"column":75}},{"start":{"line":101,"column":33},"end":{"line":101,"column":75}}]},"5":{"loc":{"start":{"line":135,"column":4},"end":{"line":142,"column":5}},"type":"if","locations":[{"start":{"line":135,"column":4},"end":{"line":142,"column":5}},{"start":{"line":135,"column":4},"end":{"line":142,"column":5}}]},"6":{"loc":{"start":{"line":135,"column":8},"end":{"line":135,"column":27}},"type":"binary-expr","locations":[{"start":{"line":135,"column":8},"end":{"line":135,"column":27}},{"start":{"line":135,"column":31},"end":{"line":135,"column":51}},{"start":{"line":135,"column":55},"end":{"line":135,"column":65}}]},"7":{"loc":{"start":{"line":158,"column":4},"end":{"line":160,"column":5}},"type":"if","locations":[{"start":{"line":158,"column":4},"end":{"line":160,"column":5}},{"start":{"line":158,"column":4},"end":{"line":160,"column":5}}]}},"s":{"0":8,"1":8,"2":9,"3":9,"4":9,"5":9,"6":9,"7":9,"8":9,"9":9,"10":9,"11":9,"12":9,"13":9,"14":8,"15":2,"16":2,"17":2,"18":2,"19":2,"20":2,"21":0,"22":0,"23":0,"24":0,"25":0,"26":0,"27":0,"28":8,"29":5,"30":5,"31":5,"32":83398,"33":83398,"34":5,"35":8,"36":3,"37":3,"38":3,"39":8,"40":1,"41":1,"42":1,"43":1,"44":0,"45":0,"46":0,"47":0,"48":0,"49":0,"50":0,"51":0,"52":1,"53":0,"54":0,"55":1,"56":0,"57":0,"58":0,"59":0,"60":0,"61":0,"62":0,"63":0,"64":1,"65":0,"66":0,"67":1,"68":0,"69":8,"70":1,"71":1,"72":1,"73":0,"74":0,"75":0,"76":0,"77":1,"78":1,"79":1,"80":1,"81":0,"82":0,"83":1,"84":8,"85":1,"86":1,"87":0,"88":1,"89":1,"90":1,"91":0,"92":8,"93":1,"94":8,"95":11,"96":8,"97":1,"98":8,"99":2,"100":8,"101":9,"102":8},"f":{"0":8,"1":9,"2":2,"3":2,"4":0,"5":0,"6":5,"7":83398,"8":3,"9":1,"10":0,"11":0,"12":0,"13":0,"14":0,"15":1,"16":1,"17":0,"18":1,"19":0,"20":1,"21":11,"22":1,"23":2,"24":9},"b":{"0":[0,9],"1":[2,0],"2":[0,0],"3":[0,0],"4":[0,0],"5":[0,1],"6":[1,0,0],"7":[0,1]}}
,"/Users/sisobus/coding/cornerstoneBase64ImageLoader/src/cornerstone-base64-image-loader.ts": {"path":"/Users/sisobus/coding/cornerstoneBase64ImageLoader/src/cornerstone-base64-image-loader.ts","statementMap":{"0":{"start":{"line":1,"column":0},"end":{"line":1,"column":48}},"1":{"start":{"line":2,"column":0},"end":{"line":2,"column":48}},"2":{"start":{"line":5,"column":12},"end":{"line":5,"column":45}},"3":{"start":{"line":6,"column":37},"end":{"line":35,"column":1}},"4":{"start":{"line":9,"column":6},"end":{"line":9,"column":67}},"5":{"start":{"line":11,"column":6},"end":{"line":11,"column":36}},"6":{"start":{"line":14,"column":6},"end":{"line":14,"column":37}},"7":{"start":{"line":17,"column":6},"end":{"line":17,"column":30}},"8":{"start":{"line":20,"column":6},"end":{"line":20,"column":33}},"9":{"start":{"line":24,"column":4},"end":{"line":24,"column":37}},"10":{"start":{"line":27,"column":4},"end":{"line":27,"column":45}},"11":{"start":{"line":30,"column":4},"end":{"line":30,"column":26}},"12":{"start":{"line":33,"column":4},"end":{"line":33,"column":23}},"13":{"start":{"line":36,"column":0},"end":{"line":36,"column":43}}},"fnMap":{"0":{"name":"(anonymous_2)","decl":{"start":{"line":23,"column":15},"end":{"line":null,"column":-1}},"loc":{"start":{"line":23,"column":15},"end":{"line":25,"column":3}}}},"branchMap":{},"s":{"0":8,"1":8,"2":8,"3":8,"4":9,"5":9,"6":1,"7":1,"8":2,"9":3,"10":3,"11":3,"12":8,"13":8},"f":{"0":3},"b":{}}
,"/Users/sisobus/coding/cornerstoneBase64ImageLoader/src/store.ts": {"path":"/Users/sisobus/coding/cornerstoneBase64ImageLoader/src/store.ts","statementMap":{"0":{"start":{"line":7,"column":13},"end":{"line":12,"column":1}}},"fnMap":{},"branchMap":{},"s":{"0":8},"f":{},"b":{}}
,"/Users/sisobus/coding/cornerstoneBase64ImageLoader/src/typings.d.ts": {"path":"/Users/sisobus/coding/cornerstoneBase64ImageLoader/src/typings.d.ts","statementMap":{},"fnMap":{},"branchMap":{},"s":{},"f":{},"b":{}}
}
