TN:
SF:/Users/sisobus/coding/cornerstoneBase64ImageLoader/src/base64Mask.ts
FNF:0
FNH:0
DA:1,4
DA:3,4
LF:2
LH:2
BRF:0
BRH:0
end_of_record
TN:
SF:/Users/sisobus/coding/cornerstoneBase64ImageLoader/src/core.ts
FN:3,(anonymous_2)
FN:10,CornerstoneBase64ImageLoader
FN:25,(anonymous_4)
FN:26,(anonymous_5)
FN:34,(anonymous_6)
FN:38,(anonymous_7)
FN:44,(anonymous_8)
FN:48,(anonymous_9)
FN:54,(anonymous_10)
FN:59,(anonymous_11)
FN:63,(anonymous_12)
FN:79,(anonymous_13)
FN:85,(anonymous_14)
FN:101,(anonymous_15)
FN:116,(anonymous_16)
FN:131,(anonymous_17)
FN:144,(anonymous_18)
FN:145,(anonymous_19)
FN:157,(anonymous_20)
FN:168,(anonymous_21)
FN:173,(anonymous_22)
FN:176,(anonymous_23)
FN:179,(anonymous_24)
FN:182,(anonymous_25)
FN:185,(anonymous_26)
FNF:25
FNH:16
FNDA:8,(anonymous_2)
FNDA:9,CornerstoneBase64ImageLoader
FNDA:2,(anonymous_4)
FNDA:2,(anonymous_5)
FNDA:0,(anonymous_6)
FNDA:0,(anonymous_7)
FNDA:5,(anonymous_8)
FNDA:83398,(anonymous_9)
FNDA:3,(anonymous_10)
FNDA:1,(anonymous_11)
FNDA:0,(anonymous_12)
FNDA:0,(anonymous_13)
FNDA:0,(anonymous_14)
FNDA:0,(anonymous_15)
FNDA:0,(anonymous_16)
FNDA:1,(anonymous_17)
FNDA:1,(anonymous_18)
FNDA:0,(anonymous_19)
FNDA:1,(anonymous_20)
FNDA:0,(anonymous_21)
FNDA:1,(anonymous_22)
FNDA:11,(anonymous_23)
FNDA:1,(anonymous_24)
FNDA:2,(anonymous_25)
FNDA:9,(anonymous_26)
DA:1,8
DA:3,8
DA:10,9
DA:11,9
DA:12,9
DA:13,9
DA:14,9
DA:15,9
DA:17,9
DA:18,9
DA:19,9
DA:20,9
DA:21,9
DA:22,9
DA:25,8
DA:26,2
DA:27,2
DA:28,2
DA:29,2
DA:30,2
DA:31,2
DA:33,0
DA:34,0
DA:35,0
DA:36,0
DA:38,0
DA:39,0
DA:40,0
DA:44,8
DA:45,5
DA:46,5
DA:48,5
DA:49,83398
DA:50,83398
DA:52,5
DA:54,8
DA:55,3
DA:56,3
DA:57,3
DA:59,8
DA:60,1
DA:61,1
DA:63,1
DA:66,0
DA:67,0
DA:69,0
DA:70,0
DA:71,0
DA:72,0
DA:73,0
DA:76,0
DA:79,1
DA:80,0
DA:82,0
DA:85,1
DA:86,0
DA:87,0
DA:90,0
DA:91,0
DA:92,0
DA:96,0
DA:97,0
DA:99,0
DA:101,1
DA:102,0
DA:105,1
DA:116,0
DA:131,8
DA:133,1
DA:135,1
DA:136,0
DA:137,0
DA:138,0
DA:139,0
DA:141,1
DA:143,1
DA:144,1
DA:145,1
DA:146,0
DA:148,0
DA:152,1
DA:157,8
DA:158,1
DA:159,0
DA:161,1
DA:167,1
DA:168,1
DA:169,0
DA:173,8
DA:174,1
DA:176,8
DA:177,11
DA:179,8
DA:180,1
DA:182,8
DA:183,2
DA:185,8
DA:186,9
DA:188,8
LF:99
LH:64
BRDA:10,0,0,0
BRDA:10,0,1,9
BRDA:30,1,0,2
BRDA:30,1,1,0
BRDA:66,2,0,0
BRDA:66,2,1,0
BRDA:86,3,0,0
BRDA:86,3,1,0
BRDA:101,4,0,0
BRDA:101,4,1,0
BRDA:135,5,0,0
BRDA:135,5,1,1
BRDA:135,6,0,1
BRDA:135,6,1,0
BRDA:135,6,2,0
BRDA:158,7,0,0
BRDA:158,7,1,1
BRF:17
BRH:5
end_of_record
TN:
SF:/Users/sisobus/coding/cornerstoneBase64ImageLoader/src/cornerstone-base64-image-loader.ts
FN:23,(anonymous_2)
FNF:1
FNH:1
FNDA:3,(anonymous_2)
DA:1,8
DA:2,8
DA:5,8
DA:6,8
DA:9,9
DA:11,9
DA:14,1
DA:17,1
DA:20,2
DA:24,3
DA:27,3
DA:30,3
DA:33,8
DA:36,8
LF:14
LH:14
BRF:0
BRH:0
end_of_record
TN:
SF:/Users/sisobus/coding/cornerstoneBase64ImageLoader/src/store.ts
FNF:0
FNH:0
DA:7,8
LF:1
LH:1
BRF:0
BRH:0
end_of_record
TN:
SF:/Users/sisobus/coding/cornerstoneBase64ImageLoader/src/typings.d.ts
FNF:0
FNH:0
LF:0
LH:0
BRF:0
BRH:0
end_of_record
